<?xml version="1.0" encoding="UTF-8"?>
<robot generator="Robot 3.1.2 (Python 3.8.0 on win32)" generated="20191210 18:47:21.638" rpa="false">
<suite id="s1" name="Demo" source="C:\Users\manalap\PycharmProjects\TestiProjekti\test\demo.robot">
<test id="s1-t1" name="TestCase1: Navigating Webpage">
<kw name="Open Conduit Website in Chrome and Maximize">
<kw name="Open Browser" library="SeleniumLibrary">
<doc>Opens a new browser instance to the optional ``url``.</doc>
<arguments>
<arg>url=${URL}</arg>
<arg>browser=chrome</arg>
</arguments>
<msg timestamp="20191210 18:47:22.504" level="INFO">Opening browser 'chrome' to base url 'http://staging-clusteri.rahtiapp.fi/'.</msg>
<status status="PASS" starttime="20191210 18:47:22.503" endtime="20191210 18:47:33.704"></status>
</kw>
<kw name="Maximize Browser Window" library="SeleniumLibrary">
<doc>Maximizes current browser window.</doc>
<status status="PASS" starttime="20191210 18:47:33.704" endtime="20191210 18:47:38.178"></status>
</kw>
<kw name="Log To Console" library="BuiltIn">
<doc>Logs the given message to the console.</doc>
<arguments>
<arg>Open Browser succseded</arg>
</arguments>
<status status="PASS" starttime="20191210 18:47:38.178" endtime="20191210 18:47:38.179"></status>
</kw>
<status status="PASS" starttime="20191210 18:47:22.502" endtime="20191210 18:47:38.180"></status>
</kw>
<kw name="Verify the Home page title">
<kw name="Title Should Be" library="SeleniumLibrary">
<doc>Verifies that the current page title equals ``title``.</doc>
<arguments>
<arg>${title}</arg>
</arguments>
<msg timestamp="20191210 18:47:38.226" level="INFO">Page title is 'Welcome to Conduit'.</msg>
<status status="PASS" starttime="20191210 18:47:38.181" endtime="20191210 18:47:38.227"></status>
</kw>
<status status="PASS" starttime="20191210 18:47:38.180" endtime="20191210 18:47:38.227"></status>
</kw>
<kw name="Sleep" library="BuiltIn">
<doc>Pauses the test executed for the given time.</doc>
<arguments>
<arg>${timeout}</arg>
</arguments>
<msg timestamp="20191210 18:47:41.229" level="INFO">Slept 3 seconds</msg>
<status status="PASS" starttime="20191210 18:47:38.228" endtime="20191210 18:47:41.229"></status>
</kw>
<kw name="Click on Sign-in Link">
<kw name="Click Element" library="SeleniumLibrary">
<doc>Click the element identified by ``locator``.</doc>
<arguments>
<arg>xpath://a[text()='Sign in']</arg>
</arguments>
<msg timestamp="20191210 18:47:41.231" level="INFO">Clicking element 'xpath://a[text()='Sign in']'.</msg>
<status status="PASS" starttime="20191210 18:47:41.231" endtime="20191210 18:47:41.745"></status>
</kw>
<status status="PASS" starttime="20191210 18:47:41.230" endtime="20191210 18:47:41.746"></status>
</kw>
<kw name="Close Browser" library="SeleniumLibrary" type="teardown">
<doc>Closes the current browser.</doc>
<status status="PASS" starttime="20191210 18:47:41.747" endtime="20191210 18:47:44.452"></status>
</kw>
<tags>
<tag>DEBUG</tag>
</tags>
<status status="PASS" starttime="20191210 18:47:22.500" endtime="20191210 18:47:44.452" critical="yes"></status>
</test>
<doc>Testing Conduit Website</doc>
<status status="PASS" starttime="20191210 18:47:21.649" endtime="20191210 18:47:44.458"></status>
</suite>
<statistics>
<total>
<stat pass="1" fail="0">Critical Tests</stat>
<stat pass="1" fail="0">All Tests</stat>
</total>
<tag>
<stat pass="1" fail="0">DEBUG</stat>
</tag>
<suite>
<stat pass="1" fail="0" id="s1" name="Demo">Demo</stat>
</suite>
</statistics>
<errors>
</errors>
</robot>
